<?xml version="1.0" encoding="UTF-8"?>
<testsuite xmlns:xsi="http://www.w3.org/2001/XMLSchema-instance" xsi:noNamespaceSchemaLocation="https://maven.apache.org/surefire/maven-surefire-plugin/xsd/surefire-test-report-3.0.xsd" version="3.0" name="org.oosd.teamorange_finalsubmission.RulesRotateIndexTest" time="0.073" tests="8" errors="0" skipped="0" failures="0">
  <properties>
[...]
</properties>
  <testcase name="maps4x4IndicesCorrectly(int, int, int, int)[1]" classname="org.oosd.teamorange_finalsubmission.RulesRotateIndexTest" time="0.02"/>
  <testcase name="maps4x4IndicesCorrectly(int, int, int, int)[2]" classname="org.oosd.teamorange_finalsubmission.RulesRotateIndexTest" time="0.001"/>
  <testcase name="maps4x4IndicesCorrectly(int, int, int, int)[3]" classname="org.oosd.teamorange_finalsubmission.RulesRotateIndexTest" time="0.001"/>
  <testcase name="maps4x4IndicesCorrectly(int, int, int, int)[4]" classname="org.oosd.teamorange_finalsubmission.RulesRotateIndexTest" time="0.001"/>
  <testcase name="maps4x4IndicesCorrectly(int, int, int, int)[5]" classname="org.oosd.teamorange_finalsubmission.RulesRotateIndexTest" time="0.001"/>
  <testcase name="maps4x4IndicesCorrectly(int, int, int, int)[6]" classname="org.oosd.teamorange_finalsubmission.RulesRotateIndexTest" time="0.001"/>
  <testcase name="maps4x4IndicesCorrectly(int, int, int, int)[7]" classname="org.oosd.teamorange_finalsubmission.RulesRotateIndexTest" time="0.001"/>
  <testcase name="maps4x4IndicesCorrectly(int, int, int, int)[8]" classname="org.oosd.teamorange_finalsubmission.RulesRotateIndexTest" time="0.001"/>
</testsuite>